--------------------------------------------------------------------------------
Release 14.7 Trace  (nt64)
Copyright (c) 1995-2013 Xilinx, Inc.  All rights reserved.

C:\Xilinx\14.7\ISE_DS\ISE\bin\nt64\unwrapped\trce.exe -intstyle ise -v 3 -s 3
-n 3 -fastpaths -xml TopModule.twx TopModule.ncd -o TopModule.twr TopModule.pcf
-ucf top_module.ucf

Design file:              TopModule.ncd
Physical constraint file: TopModule.pcf
Device,package,speed:     xc6slx16,csg324,C,-3 (PRODUCTION 1.23 2013-10-13)
Report level:             verbose report

Environment Variable      Effect 
--------------------      ------ 
NONE                      No environment variables were set
--------------------------------------------------------------------------------

INFO:Timing:2698 - No timing constraints found, doing default enumeration.
INFO:Timing:3412 - To improve timing, see the Timing Closure User Guide (UG612).
INFO:Timing:2752 - To get complete path coverage, use the unconstrained paths 
   option. All paths that are not constrained will be reported in the 
   unconstrained paths section(s) of the report.
INFO:Timing:3339 - The clock-to-out numbers in this timing report are based on 
   a 50 Ohm transmission line loading model.  For the details of this model, 
   and for more information on accounting for different loading conditions, 
   please see the device datasheet.



Data Sheet report:
-----------------
All values displayed in nanoseconds (ns)

Setup/Hold to clock fpga_clk
------------+------------+------------+------------+------------+------------------+--------+
            |Max Setup to|  Process   |Max Hold to |  Process   |                  | Clock  |
Source      | clk (edge) |   Corner   | clk (edge) |   Corner   |Internal Clock(s) | Phase  |
------------+------------+------------+------------+------------+------------------+--------+
fire        |    3.421(R)|      SLOW  |   -1.789(R)|      FAST  |pixel_clk         |   0.000|
left        |    6.072(R)|      SLOW  |   -2.512(R)|      FAST  |pixel_clk         |   0.000|
right       |    5.255(R)|      SLOW  |   -2.324(R)|      FAST  |pixel_clk         |   0.000|
rst         |    9.078(R)|      SLOW  |   -2.875(R)|      FAST  |pixel_clk         |   0.000|
startButton |    4.934(R)|      SLOW  |   -2.786(R)|      FAST  |pixel_clk         |   0.000|
------------+------------+------------+------------+------------+------------------+--------+

Clock fpga_clk to Pad
------------+-----------------+------------+-----------------+------------+------------------+--------+
            |Max (slowest) clk|  Process   |Min (fastest) clk|  Process   |                  | Clock  |
Destination |  (edge) to PAD  |   Corner   |  (edge) to PAD  |   Corner   |Internal Clock(s) | Phase  |
------------+-----------------+------------+-----------------+------------+------------------+--------+
HS          |         7.447(R)|      SLOW  |         4.826(R)|      FAST  |pixel_clk         |   0.000|
VS          |         7.185(R)|      SLOW  |         4.651(R)|      FAST  |pixel_clk         |   0.000|
blue<0>     |        42.952(R)|      SLOW  |         5.593(R)|      FAST  |pixel_clk         |   0.000|
blue<1>     |        40.339(R)|      SLOW  |         5.141(R)|      FAST  |pixel_clk         |   0.000|
green<0>    |        40.764(R)|      SLOW  |         5.443(R)|      FAST  |pixel_clk         |   0.000|
green<1>    |        40.859(R)|      SLOW  |         5.154(R)|      FAST  |pixel_clk         |   0.000|
green<2>    |        40.674(R)|      SLOW  |         5.209(R)|      FAST  |pixel_clk         |   0.000|
red<0>      |        41.538(R)|      SLOW  |         5.195(R)|      FAST  |pixel_clk         |   0.000|
red<1>      |        40.554(R)|      SLOW  |         5.161(R)|      FAST  |pixel_clk         |   0.000|
red<2>      |        40.525(R)|      SLOW  |         5.204(R)|      FAST  |pixel_clk         |   0.000|
------------+-----------------+------------+-----------------+------------+------------------+--------+

Clock to Setup on destination clock fpga_clk
---------------+---------+---------+---------+---------+
               | Src:Rise| Src:Fall| Src:Rise| Src:Fall|
Source Clock   |Dest:Rise|Dest:Rise|Dest:Fall|Dest:Fall|
---------------+---------+---------+---------+---------+
fpga_clk       |    9.884|         |         |         |
---------------+---------+---------+---------+---------+


Analysis completed Tue Apr 18 11:14:32 2017 
--------------------------------------------------------------------------------

Trace Settings:
-------------------------
Trace Settings 

Peak Memory Usage: 239 MB



