Release 12.4 - xst M.81d (nt)
Copyright (c) 1995-2010 Xilinx, Inc.  All rights reserved.
--> Parameter TMPDIR set to xst/projnav.tmp


Total REAL time to Xst completion: 0.00 secs
Total CPU time to Xst completion: 0.05 secs
 
--> Parameter xsthdpdir set to xst


Total REAL time to Xst completion: 0.00 secs
Total CPU time to Xst completion: 0.05 secs
 
--> Reading design: vga.prj

TABLE OF CONTENTS
  1) Synthesis Options Summary
  2) HDL Parsing
  3) HDL Elaboration
  4) HDL Synthesis
       4.1) HDL Synthesis Report
  5) Advanced HDL Synthesis
       5.1) Advanced HDL Synthesis Report
  6) Low Level Synthesis
  7) Partition Report
  8) Design Summary
       8.1) Primitive and Black Box Usage
       8.2) Device utilization summary
       8.3) Partition Resource Summary
       8.4) Timing Report
            8.4.1) Clock Information
            8.4.2) Asynchronous Control Signals Information
            8.4.3) Timing Summary
            8.4.4) Timing Details
            8.4.5) Cross Clock Domains Report


=========================================================================
*                      Synthesis Options Summary                        *
=========================================================================
---- Source Parameters
Input File Name                    : "vga.prj"
Input Format                       : mixed
Ignore Synthesis Constraint File   : NO

---- Target Parameters
Output File Name                   : "vga"
Output Format                      : NGC
Target Device                      : xc6slx16-3-csg324

---- Source Options
Top Module Name                    : vga
Automatic FSM Extraction           : YES
FSM Encoding Algorithm             : Auto
Safe Implementation                : No
FSM Style                          : LUT
RAM Extraction                     : Yes
RAM Style                          : Auto
ROM Extraction                     : Yes
Shift Register Extraction          : YES
ROM Style                          : Auto
Resource Sharing                   : YES
Asynchronous To Synchronous        : NO
Shift Register Minimum Size        : 2
Use DSP Block                      : Auto
Automatic Register Balancing       : No

---- Target Options
LUT Combining                      : Auto
Reduce Control Sets                : Auto
Add IO Buffers                     : YES
Global Maximum Fanout              : 100000
Add Generic Clock Buffer(BUFG)     : 16
Register Duplication               : YES
Optimize Instantiated Primitives   : NO
Use Clock Enable                   : Auto
Use Synchronous Set                : Auto
Use Synchronous Reset              : Auto
Pack IO Registers into IOBs        : Auto
Equivalent register Removal        : YES

---- General Options
Optimization Goal                  : Speed
Optimization Effort                : 1
Power Reduction                    : NO
Keep Hierarchy                     : No
Netlist Hierarchy                  : As_Optimized
RTL Output                         : Yes
Global Optimization                : AllClockNets
Read Cores                         : YES
Write Timing Constraints           : NO
Cross Clock Analysis               : NO
Hierarchy Separator                : /
Bus Delimiter                      : <>
Case Specifier                     : Maintain
Slice Utilization Ratio            : 100
BRAM Utilization Ratio             : 100
DSP48 Utilization Ratio            : 100
Auto BRAM Packing                  : NO
Slice Utilization Ratio Delta      : 5

=========================================================================


=========================================================================
*                          HDL Parsing                                  *
=========================================================================
Parsing VHDL file "\Users\eia\Desktop\MyProjects\TP\S5\marioPackage.vhd" into library work
Parsing package <marioPackage>.
Parsing VHDL file "\Users\eia\Desktop\MyProjects\TP\S5\vga.vhd" into library work
Parsing entity <vga>.
Parsing architecture <logic> of entity <vga>.

=========================================================================
*                            HDL Elaboration                            *
=========================================================================

Elaborating entity <vga> (architecture <logic>) from library <work>.

=========================================================================
*                           HDL Synthesis                               *
=========================================================================

Synthesizing Unit <vga>.
    Related source file is "/users/eia/desktop/myprojects/tp/s5/vga.vhd".
    Found 1-bit register for signal <blank>.
    Found 11-bit register for signal <hcount>.
    Found 1-bit register for signal <hs>.
    Found 1-bit register for signal <vs>.
    Found 10-bit register for signal <vcounter>.
    Found 11-bit adder for signal <hcounter[10]_GND_5_o_add_3_OUT> created at line 48.
    Found 10-bit adder for signal <vcounter[9]_GND_5_o_add_5_OUT> created at line 59.
    Found 11-bit comparator lessequal for signal <n0010> created at line 69
    Found 11-bit comparator greater for signal <hcounter[10]_GND_5_o_LessThan_10_o> created at line 69
    Found 10-bit comparator greater for signal <n0015> created at line 82
    Found 11-bit comparator greater for signal <hcounter[10]_GND_5_o_LessThan_12_o> created at line 95
    Summary:
	inferred   2 Adder/Subtractor(s).
	inferred  24 D-type flip-flop(s).
	inferred   4 Comparator(s).
Unit <vga> synthesized.

=========================================================================
HDL Synthesis Report

Macro Statistics
# Adders/Subtractors                                   : 2
 10-bit adder                                          : 1
 11-bit adder                                          : 1
# Registers                                            : 5
 1-bit register                                        : 3
 10-bit register                                       : 1
 11-bit register                                       : 1
# Comparators                                          : 4
 10-bit comparator greater                             : 1
 11-bit comparator greater                             : 2
 11-bit comparator lessequal                           : 1

=========================================================================

=========================================================================
*                       Advanced HDL Synthesis                          *
=========================================================================


Synthesizing (advanced) Unit <vga>.
The following registers are absorbed into counter <hcounter>: 1 register on signal <hcounter>.
The following registers are absorbed into counter <vcounter>: 1 register on signal <vcounter>.
Unit <vga> synthesized (advanced).

=========================================================================
Advanced HDL Synthesis Report

Macro Statistics
# Counters                                             : 2
 10-bit up counter                                     : 1
 11-bit up counter                                     : 1
# Registers                                            : 3
 Flip-Flops                                            : 3
# Comparators                                          : 4
 10-bit comparator greater                             : 1
 11-bit comparator greater                             : 2
 11-bit comparator lessequal                           : 1

=========================================================================

=========================================================================
*                         Low Level Synthesis                           *
=========================================================================

Optimizing unit <vga> ...

Mapping all equations...
Building and optimizing final netlist ...
Found area constraint ratio of 100 (+ 5) on block vga, actual ratio is 0.

Final Macro Processing ...

=========================================================================
Final Register Report

Macro Statistics
# Registers                                            : 24
 Flip-Flops                                            : 24

=========================================================================

=========================================================================
*                           Partition Report                            *
=========================================================================

Partition Implementation Status
-------------------------------

  No Partitions were found in this design.

-------------------------------

=========================================================================
*                            Design Summary                             *
=========================================================================

Top Level Output File Name         : vga.ngc

Primitive and Black Box Usage:
------------------------------
# BELS                             : 86
#      GND                         : 1
#      INV                         : 3
#      LUT1                        : 19
#      LUT2                        : 2
#      LUT3                        : 11
#      LUT5                        : 3
#      LUT6                        : 6
#      MUXCY                       : 19
#      VCC                         : 1
#      XORCY                       : 21
# FlipFlops/Latches                : 24
#      FDC                         : 13
#      FDCE                        : 10
#      FDP                         : 1
# Clock Buffers                    : 1
#      BUFGP                       : 1
# IO Buffers                       : 26
#      IBUF                        : 1
#      OBUF                        : 25

Device utilization summary:
---------------------------

Selected Device : 6slx16csg324-3 


Slice Logic Utilization: 
 Number of Slice Registers:              24  out of  18224     0%  
 Number of Slice LUTs:                   44  out of   9112     0%  
    Number used as Logic:                44  out of   9112     0%  

Slice Logic Distribution: 
 Number of LUT Flip Flop pairs used:     44
   Number with an unused Flip Flop:      20  out of     44    45%  
   Number with an unused LUT:             0  out of     44     0%  
   Number of fully used LUT-FF pairs:    24  out of     44    54%  
   Number of unique control sets:         3

IO Utilization: 
 Number of IOs:                          27
 Number of bonded IOBs:                  27  out of    232    11%  

Specific Feature Utilization:
 Number of BUFG/BUFGCTRLs:                1  out of     16     6%  

---------------------------
Partition Resource Summary:
---------------------------

  No Partitions were found in this design.

---------------------------


=========================================================================
Timing Report

NOTE: THESE TIMING NUMBERS ARE ONLY A SYNTHESIS ESTIMATE.
      FOR ACCURATE TIMING INFORMATION PLEASE REFER TO THE TRACE REPORT
      GENERATED AFTER PLACE-and-ROUTE.

Clock Information:
------------------
-----------------------------------+------------------------+-------+
Clock Signal                       | Clock buffer(FF name)  | Load  |
-----------------------------------+------------------------+-------+
pixel_clk                          | BUFGP                  | 24    |
-----------------------------------+------------------------+-------+

Asynchronous Control Signals Information:
----------------------------------------
No asynchronous control signals found in this design

Timing Summary:
---------------
Speed Grade: -3

   Minimum period: 3.768ns (Maximum Frequency: 265.368MHz)
   Minimum input arrival time before clock: 4.635ns
   Maximum output required time after clock: 3.762ns
   Maximum combinational path delay: No path found

Timing Details:
---------------
All values displayed in nanoseconds (ns)

=========================================================================
Timing constraint: Default period analysis for Clock 'pixel_clk'
  Clock period: 3.768ns (frequency: 265.368MHz)
  Total number of paths / destination ports: 385 / 44
-------------------------------------------------------------------------
Delay:               3.768ns (Levels of Logic = 2)
  Source:            hcounter_2 (FF)
  Destination:       vcounter_0 (FF)
  Source Clock:      pixel_clk rising
  Destination Clock: pixel_clk rising

  Data Path: hcounter_2 to vcounter_0
                                Gate     Net
    Cell:in->out      fanout   Delay   Delay  Logical Name (Net Name)
    ----------------------------------------  ------------
     FDC:C->Q              4   0.447   1.048  hcounter_2 (hcounter_2)
     LUT6:I0->O            1   0.203   0.580  en<10>_SW0 (N16)
     LUT6:I5->O           10   0.205   0.856  rst_en_AND_3_o1 (rst_en_AND_3_o)
     FDCE:CLR                  0.430          vcounter_0
    ----------------------------------------
    Total                      3.768ns (1.285ns logic, 2.483ns route)
                                       (34.1% logic, 65.9% route)

=========================================================================
Timing constraint: Default OFFSET IN BEFORE for Clock 'pixel_clk'
  Total number of paths / destination ports: 24 / 24
-------------------------------------------------------------------------
Offset:              4.635ns (Levels of Logic = 3)
  Source:            rst (PAD)
  Destination:       vcounter_0 (FF)
  Destination Clock: pixel_clk rising

  Data Path: rst to vcounter_0
                                Gate     Net
    Cell:in->out      fanout   Delay   Delay  Logical Name (Net Name)
    ----------------------------------------  ------------
     IBUF:I->O            13   1.222   1.037  rst_IBUF (rst_IBUF)
     LUT2:I0->O            1   0.203   0.684  en<10>_SW1 (N22)
     LUT6:I4->O           10   0.203   0.856  rst_en_AND_3_o1 (rst_en_AND_3_o)
     FDCE:CLR                  0.430          vcounter_0
    ----------------------------------------
    Total                      4.635ns (2.058ns logic, 2.577ns route)
                                       (44.4% logic, 55.6% route)

=========================================================================
Timing constraint: Default OFFSET OUT AFTER for Clock 'pixel_clk'
  Total number of paths / destination ports: 24 / 24
-------------------------------------------------------------------------
Offset:              3.762ns (Levels of Logic = 1)
  Source:            hcounter_10 (FF)
  Destination:       hcount<10> (PAD)
  Source Clock:      pixel_clk rising

  Data Path: hcounter_10 to hcount<10>
                                Gate     Net
    Cell:in->out      fanout   Delay   Delay  Logical Name (Net Name)
    ----------------------------------------  ------------
     FDC:C->Q              6   0.447   0.744  hcounter_10 (hcounter_10)
     OBUF:I->O                 2.571          hcount_10_OBUF (hcount<10>)
    ----------------------------------------
    Total                      3.762ns (3.018ns logic, 0.744ns route)
                                       (80.2% logic, 19.8% route)

=========================================================================

Cross Clock Domains Report:
--------------------------

Clock to Setup on destination clock pixel_clk
---------------+---------+---------+---------+---------+
               | Src:Rise| Src:Fall| Src:Rise| Src:Fall|
Source Clock   |Dest:Rise|Dest:Rise|Dest:Fall|Dest:Fall|
---------------+---------+---------+---------+---------+
pixel_clk      |    3.768|         |         |         |
---------------+---------+---------+---------+---------+

=========================================================================


Total REAL time to Xst completion: 2.00 secs
Total CPU time to Xst completion: 2.11 secs
 
--> 

Total memory usage is 185828 kilobytes

Number of errors   :    0 (   0 filtered)
Number of warnings :    0 (   0 filtered)
Number of infos    :    0 (   0 filtered)

