--------------------------------------------------------------------------------
Release 14.7 Trace  (nt64)
Copyright (c) 1995-2013 Xilinx, Inc.  All rights reserved.

C:\Xilinx\14.7\ISE_DS\ISE\bin\nt64\unwrapped\trce.exe -intstyle ise -v 3 -s 3
-n 3 -fastpaths -xml vgagenerator.twx vgagenerator.ncd -o vgagenerator.twr
vgagenerator.pcf -ucf map.ucf

Design file:              vgagenerator.ncd
Physical constraint file: vgagenerator.pcf
Device,package,speed:     xc6slx16,csg324,C,-3 (PRODUCTION 1.23 2013-10-13)
Report level:             verbose report

Environment Variable      Effect 
--------------------      ------ 
NONE                      No environment variables were set
--------------------------------------------------------------------------------

INFO:Timing:2698 - No timing constraints found, doing default enumeration.
INFO:Timing:3412 - To improve timing, see the Timing Closure User Guide (UG612).
INFO:Timing:2752 - To get complete path coverage, use the unconstrained paths 
   option. All paths that are not constrained will be reported in the 
   unconstrained paths section(s) of the report.
INFO:Timing:3339 - The clock-to-out numbers in this timing report are based on 
   a 50 Ohm transmission line loading model.  For the details of this model, 
   and for more information on accounting for different loading conditions, 
   please see the device datasheet.



Data Sheet report:
-----------------
All values displayed in nanoseconds (ns)

Setup/Hold to clock fpga_clk
------------+------------+------------+------------+------------+------------------+--------+
            |Max Setup to|  Process   |Max Hold to |  Process   |                  | Clock  |
Source      | clk (edge) |   Corner   | clk (edge) |   Corner   |Internal Clock(s) | Phase  |
------------+------------+------------+------------+------------+------------------+--------+
rst         |    4.737(R)|      SLOW  |   -1.688(R)|      FAST  |pixel_clk         |   0.000|
------------+------------+------------+------------+------------+------------------+--------+

Clock fpga_clk to Pad
------------+-----------------+------------+-----------------+------------+------------------+--------+
            |Max (slowest) clk|  Process   |Min (fastest) clk|  Process   |                  | Clock  |
Destination |  (edge) to PAD  |   Corner   |  (edge) to PAD  |   Corner   |Internal Clock(s) | Phase  |
------------+-----------------+------------+-----------------+------------+------------------+--------+
HS          |         6.040(R)|      SLOW  |         3.935(R)|      FAST  |pixel_clk         |   0.000|
VS          |         6.405(R)|      SLOW  |         4.142(R)|      FAST  |pixel_clk         |   0.000|
blue<0>     |        10.239(R)|      SLOW  |         4.425(R)|      FAST  |pixel_clk         |   0.000|
blue<1>     |        10.407(R)|      SLOW  |         4.440(R)|      FAST  |pixel_clk         |   0.000|
green<0>    |        10.617(R)|      SLOW  |         5.134(R)|      FAST  |pixel_clk         |   0.000|
green<1>    |        11.311(R)|      SLOW  |         5.555(R)|      FAST  |pixel_clk         |   0.000|
green<2>    |        10.277(R)|      SLOW  |         5.587(R)|      FAST  |pixel_clk         |   0.000|
red<0>      |        11.768(R)|      SLOW  |         5.556(R)|      FAST  |pixel_clk         |   0.000|
red<1>      |        10.488(R)|      SLOW  |         5.263(R)|      FAST  |pixel_clk         |   0.000|
red<2>      |        10.896(R)|      SLOW  |         5.460(R)|      FAST  |pixel_clk         |   0.000|
------------+-----------------+------------+-----------------+------------+------------------+--------+

Clock to Setup on destination clock fpga_clk
---------------+---------+---------+---------+---------+
               | Src:Rise| Src:Fall| Src:Rise| Src:Fall|
Source Clock   |Dest:Rise|Dest:Rise|Dest:Fall|Dest:Fall|
---------------+---------+---------+---------+---------+
fpga_clk       |   10.391|         |         |         |
---------------+---------+---------+---------+---------+


Analysis completed Thu Mar 30 11:29:55 2017 
--------------------------------------------------------------------------------

Trace Settings:
-------------------------
Trace Settings 

Peak Memory Usage: 221 MB



