--------------------------------------------------------------------------------
Release 14.7 Trace  (nt64)
Copyright (c) 1995-2013 Xilinx, Inc.  All rights reserved.

C:\Xilinx\14.7\ISE_DS\ISE\bin\nt64\unwrapped\trce.exe -intstyle ise -v 3 -s 3
-n 3 -fastpaths -xml TopModule.twx TopModule.ncd -o TopModule.twr TopModule.pcf
-ucf top_module.ucf

Design file:              TopModule.ncd
Physical constraint file: TopModule.pcf
Device,package,speed:     xc6slx16,csg324,C,-3 (PRODUCTION 1.23 2013-10-13)
Report level:             verbose report

Environment Variable      Effect 
--------------------      ------ 
NONE                      No environment variables were set
--------------------------------------------------------------------------------

INFO:Timing:2698 - No timing constraints found, doing default enumeration.
INFO:Timing:3412 - To improve timing, see the Timing Closure User Guide (UG612).
INFO:Timing:2752 - To get complete path coverage, use the unconstrained paths 
   option. All paths that are not constrained will be reported in the 
   unconstrained paths section(s) of the report.
INFO:Timing:3339 - The clock-to-out numbers in this timing report are based on 
   a 50 Ohm transmission line loading model.  For the details of this model, 
   and for more information on accounting for different loading conditions, 
   please see the device datasheet.



Data Sheet report:
-----------------
All values displayed in nanoseconds (ns)

Setup/Hold to clock fpga_clk
------------+------------+------------+------------+------------+------------------+--------+
            |Max Setup to|  Process   |Max Hold to |  Process   |                  | Clock  |
Source      | clk (edge) |   Corner   | clk (edge) |   Corner   |Internal Clock(s) | Phase  |
------------+------------+------------+------------+------------+------------------+--------+
fire        |    5.034(R)|      SLOW  |   -2.664(R)|      FAST  |pixel_clk         |   0.000|
left        |    5.783(R)|      SLOW  |   -2.405(R)|      FAST  |pixel_clk         |   0.000|
right       |    4.742(R)|      SLOW  |   -2.094(R)|      FAST  |pixel_clk         |   0.000|
rst         |    9.149(R)|      SLOW  |   -2.206(R)|      FAST  |pixel_clk         |   0.000|
------------+------------+------------+------------+------------+------------------+--------+

Clock fpga_clk to Pad
------------+-----------------+------------+-----------------+------------+------------------+--------+
            |Max (slowest) clk|  Process   |Min (fastest) clk|  Process   |                  | Clock  |
Destination |  (edge) to PAD  |   Corner   |  (edge) to PAD  |   Corner   |Internal Clock(s) | Phase  |
------------+-----------------+------------+-----------------+------------+------------------+--------+
HS          |         6.515(R)|      SLOW  |         4.217(R)|      FAST  |pixel_clk         |   0.000|
VS          |         7.710(R)|      SLOW  |         5.023(R)|      FAST  |pixel_clk         |   0.000|
blue<0>     |        37.926(R)|      SLOW  |         5.794(R)|      FAST  |pixel_clk         |   0.000|
blue<1>     |        16.226(R)|      SLOW  |         5.490(R)|      FAST  |pixel_clk         |   0.000|
green<0>    |        39.502(R)|      SLOW  |         5.404(R)|      FAST  |pixel_clk         |   0.000|
green<1>    |        38.798(R)|      SLOW  |         4.932(R)|      FAST  |pixel_clk         |   0.000|
green<2>    |        38.341(R)|      SLOW  |         5.647(R)|      FAST  |pixel_clk         |   0.000|
red<0>      |        39.165(R)|      SLOW  |         5.823(R)|      FAST  |pixel_clk         |   0.000|
red<1>      |        38.050(R)|      SLOW  |         5.342(R)|      FAST  |pixel_clk         |   0.000|
red<2>      |        38.607(R)|      SLOW  |         4.887(R)|      FAST  |pixel_clk         |   0.000|
------------+-----------------+------------+-----------------+------------+------------------+--------+

Clock to Setup on destination clock fpga_clk
---------------+---------+---------+---------+---------+
               | Src:Rise| Src:Fall| Src:Rise| Src:Fall|
Source Clock   |Dest:Rise|Dest:Rise|Dest:Fall|Dest:Fall|
---------------+---------+---------+---------+---------+
fpga_clk       |    9.383|         |         |         |
---------------+---------+---------+---------+---------+


Analysis completed Fri Apr 14 11:09:26 2017 
--------------------------------------------------------------------------------

Trace Settings:
-------------------------
Trace Settings 

Peak Memory Usage: 234 MB



