INFO:sim:172 - Generating IP...
Applying current project options...
Finished applying current project options.
WARNING:sim - A core named 'rom_map2' already exists in the project. Output
   products for this core may be overwritten.
Resolving generics for 'rom_map2'...
WARNING:sim - A core named 'rom_map2' already exists in the project. Output
   products for this core may be overwritten.
Applying external generics to 'rom_map2'...
Delivering associated files for 'rom_map2'...
Delivering EJava files for 'rom_map2'...
Generating implementation netlist for 'rom_map2'...
INFO:sim - Pre-processing HDL files for 'rom_map2'...
Running synthesis for 'rom_map2'
Running ngcbuild...
Writing VHO instantiation template for 'rom_map2'...
Writing VHDL behavioral simulation model for 'rom_map2'...
WARNING:sim - Overwriting existing file
   C:/Users/samuel.riedo/Desktop/ProjetMARIO/S5_vga/ipcore_dir/tmp/_cg/rom_map2/
   doc/blk_mem_gen_v7_3_vinfo.html with file from view xilinx_documentation
Delivered 1 file into directory
C:/Users/samuel.riedo/Desktop/ProjetMARIO/S5_vga/ipcore_dir/tmp/_cg/rom_map2
Generating ASY schematic symbol...
INFO:sim:949 - Finished generation of ASY schematic symbol.
Generating SYM schematic symbol for 'rom_map2'...
Generating metadata file...
Regenerating ISE project file for 'rom_map2'...
Generating ISE project...
XCO file found: rom_map2.xco
XMDF file found: rom_map2_xmdf.tcl
Adding
C:/Users/samuel.riedo/Desktop/ProjetMARIO/S5_vga/ipcore_dir/tmp/_cg/rom_map2.asy
-view all -origin_type imported
Adding
C:/Users/samuel.riedo/Desktop/ProjetMARIO/S5_vga/ipcore_dir/tmp/_cg/rom_map2.ngc
-view all -origin_type created
Checking file
"C:/Users/samuel.riedo/Desktop/ProjetMARIO/S5_vga/ipcore_dir/tmp/_cg/rom_map2.ng
c" for project device match ...
File
"C:/Users/samuel.riedo/Desktop/ProjetMARIO/S5_vga/ipcore_dir/tmp/_cg/rom_map2.ng
c" device information matches project device.
Adding
C:/Users/samuel.riedo/Desktop/ProjetMARIO/S5_vga/ipcore_dir/tmp/_cg/rom_map2.sym
-view all -origin_type imported
Adding
C:/Users/samuel.riedo/Desktop/ProjetMARIO/S5_vga/ipcore_dir/tmp/_cg/rom_map2.vhd
-view all -origin_type created
INFO:HDLCompiler:1061 - Parsing VHDL file
   "C:/Users/samuel.riedo/Desktop/ProjetMARIO/S5_vga/ipcore_dir/tmp/_cg/rom_map2
   .vhd" into library work
INFO:ProjectMgmt - Parsing design hierarchy completed successfully.
Adding
C:/Users/samuel.riedo/Desktop/ProjetMARIO/S5_vga/ipcore_dir/tmp/_cg/rom_map2.vho
-view all -origin_type imported
INFO:TclTasksC:2116 - The automatic calculation of top has been turned-off.
   Please set the new top explicitly by running the "project set top" command.
   To re-calculate the new top automatically, set the "Auto Implementation Top"
   property to true.
Top level has been set to "/rom_map2"
Generating README file...
Generating FLIST file...
INFO:sim:948 - Finished FLIST file generation.
Launching README viewer...
Moving files to output directory...
Finished moving files to output directory
Wrote CGP file for project 'rom_map2'.
