--------------------------------------------------------------------------------
Release 14.7 Trace  (nt64)
Copyright (c) 1995-2013 Xilinx, Inc.  All rights reserved.

C:\Xilinx\14.7\ISE_DS\ISE\bin\nt64\unwrapped\trce.exe -intstyle ise -v 3 -s 3
-n 3 -fastpaths -xml TopModule.twx TopModule.ncd -o TopModule.twr TopModule.pcf
-ucf top_module.ucf

Design file:              TopModule.ncd
Physical constraint file: TopModule.pcf
Device,package,speed:     xc6slx16,csg324,C,-3 (PRODUCTION 1.23 2013-10-13)
Report level:             verbose report

Environment Variable      Effect 
--------------------      ------ 
NONE                      No environment variables were set
--------------------------------------------------------------------------------

INFO:Timing:2698 - No timing constraints found, doing default enumeration.
INFO:Timing:3412 - To improve timing, see the Timing Closure User Guide (UG612).
INFO:Timing:2752 - To get complete path coverage, use the unconstrained paths 
   option. All paths that are not constrained will be reported in the 
   unconstrained paths section(s) of the report.
INFO:Timing:3339 - The clock-to-out numbers in this timing report are based on 
   a 50 Ohm transmission line loading model.  For the details of this model, 
   and for more information on accounting for different loading conditions, 
   please see the device datasheet.



Data Sheet report:
-----------------
All values displayed in nanoseconds (ns)

Setup/Hold to clock fpga_clk
------------+------------+------------+------------+------------+------------------+--------+
            |Max Setup to|  Process   |Max Hold to |  Process   |                  | Clock  |
Source      | clk (edge) |   Corner   | clk (edge) |   Corner   |Internal Clock(s) | Phase  |
------------+------------+------------+------------+------------+------------------+--------+
fire        |    3.537(R)|      SLOW  |   -1.809(R)|      FAST  |pixel_clk         |   0.000|
left        |    6.153(R)|      SLOW  |   -2.648(R)|      FAST  |pixel_clk         |   0.000|
right       |    4.639(R)|      SLOW  |   -2.077(R)|      FAST  |pixel_clk         |   0.000|
rst         |    9.300(R)|      SLOW  |   -2.131(R)|      FAST  |pixel_clk         |   0.000|
startButton |    4.903(R)|      SLOW  |   -2.660(R)|      FAST  |pixel_clk         |   0.000|
------------+------------+------------+------------+------------+------------------+--------+

Clock fpga_clk to Pad
------------+-----------------+------------+-----------------+------------+------------------+--------+
            |Max (slowest) clk|  Process   |Min (fastest) clk|  Process   |                  | Clock  |
Destination |  (edge) to PAD  |   Corner   |  (edge) to PAD  |   Corner   |Internal Clock(s) | Phase  |
------------+-----------------+------------+-----------------+------------+------------------+--------+
HS          |         7.664(R)|      SLOW  |         4.959(R)|      FAST  |pixel_clk         |   0.000|
VS          |         7.069(R)|      SLOW  |         4.557(R)|      FAST  |pixel_clk         |   0.000|
blue<0>     |        15.762(R)|      SLOW  |         5.297(R)|      FAST  |pixel_clk         |   0.000|
blue<1>     |        15.027(R)|      SLOW  |         5.194(R)|      FAST  |pixel_clk         |   0.000|
green<0>    |        35.880(R)|      SLOW  |         5.661(R)|      FAST  |pixel_clk         |   0.000|
green<1>    |        37.022(R)|      SLOW  |         5.572(R)|      FAST  |pixel_clk         |   0.000|
green<2>    |        37.526(R)|      SLOW  |         5.211(R)|      FAST  |pixel_clk         |   0.000|
red<0>      |        35.713(R)|      SLOW  |         5.747(R)|      FAST  |pixel_clk         |   0.000|
red<1>      |        15.114(R)|      SLOW  |         5.122(R)|      FAST  |pixel_clk         |   0.000|
red<2>      |        37.452(R)|      SLOW  |         4.994(R)|      FAST  |pixel_clk         |   0.000|
------------+-----------------+------------+-----------------+------------+------------------+--------+

Clock to Setup on destination clock fpga_clk
---------------+---------+---------+---------+---------+
               | Src:Rise| Src:Fall| Src:Rise| Src:Fall|
Source Clock   |Dest:Rise|Dest:Rise|Dest:Fall|Dest:Fall|
---------------+---------+---------+---------+---------+
fpga_clk       |    9.638|         |         |         |
---------------+---------+---------+---------+---------+


Analysis completed Mon Apr 17 12:01:34 2017 
--------------------------------------------------------------------------------

Trace Settings:
-------------------------
Trace Settings 

Peak Memory Usage: 236 MB



