--------------------------------------------------------------------------------
Release 14.7 Trace  (nt64)
Copyright (c) 1995-2013 Xilinx, Inc.  All rights reserved.

C:\Xilinx\14.7\ISE_DS\ISE\bin\nt64\unwrapped\trce.exe -intstyle ise -v 3 -s 3
-n 3 -fastpaths -xml TopModule.twx TopModule.ncd -o TopModule.twr TopModule.pcf
-ucf top_module.ucf

Design file:              TopModule.ncd
Physical constraint file: TopModule.pcf
Device,package,speed:     xc6slx16,csg324,C,-3 (PRODUCTION 1.23 2013-10-13)
Report level:             verbose report

Environment Variable      Effect 
--------------------      ------ 
NONE                      No environment variables were set
--------------------------------------------------------------------------------

INFO:Timing:2698 - No timing constraints found, doing default enumeration.
INFO:Timing:3412 - To improve timing, see the Timing Closure User Guide (UG612).
INFO:Timing:2752 - To get complete path coverage, use the unconstrained paths 
   option. All paths that are not constrained will be reported in the 
   unconstrained paths section(s) of the report.
INFO:Timing:3339 - The clock-to-out numbers in this timing report are based on 
   a 50 Ohm transmission line loading model.  For the details of this model, 
   and for more information on accounting for different loading conditions, 
   please see the device datasheet.



Data Sheet report:
-----------------
All values displayed in nanoseconds (ns)

Setup/Hold to clock fpga_clk
------------+------------+------------+------------+------------+------------------+--------+
            |Max Setup to|  Process   |Max Hold to |  Process   |                  | Clock  |
Source      | clk (edge) |   Corner   | clk (edge) |   Corner   |Internal Clock(s) | Phase  |
------------+------------+------------+------------+------------+------------------+--------+
fire        |    3.207(R)|      SLOW  |   -1.607(R)|      FAST  |pixel_clk         |   0.000|
left        |    7.435(R)|      SLOW  |   -2.158(R)|      FAST  |pixel_clk         |   0.000|
right       |    5.001(R)|      SLOW  |   -1.981(R)|      FAST  |pixel_clk         |   0.000|
rst         |   11.407(R)|      SLOW  |   -2.591(R)|      FAST  |pixel_clk         |   0.000|
startButton |    3.719(R)|      SLOW  |   -1.817(R)|      FAST  |pixel_clk         |   0.000|
------------+------------+------------+------------+------------+------------------+--------+

Clock fpga_clk to Pad
------------+-----------------+------------+-----------------+------------+------------------+--------+
            |Max (slowest) clk|  Process   |Min (fastest) clk|  Process   |                  | Clock  |
Destination |  (edge) to PAD  |   Corner   |  (edge) to PAD  |   Corner   |Internal Clock(s) | Phase  |
------------+-----------------+------------+-----------------+------------+------------------+--------+
HS          |         7.300(R)|      SLOW  |         4.715(R)|      FAST  |pixel_clk         |   0.000|
VS          |         7.301(R)|      SLOW  |         4.731(R)|      FAST  |pixel_clk         |   0.000|
blue<0>     |        53.235(R)|      SLOW  |         6.175(R)|      FAST  |pixel_clk         |   0.000|
blue<1>     |        53.493(R)|      SLOW  |         5.619(R)|      FAST  |pixel_clk         |   0.000|
green<0>    |        53.918(R)|      SLOW  |         6.204(R)|      FAST  |pixel_clk         |   0.000|
green<1>    |        53.940(R)|      SLOW  |         6.946(R)|      FAST  |pixel_clk         |   0.000|
green<2>    |        54.084(R)|      SLOW  |         5.497(R)|      FAST  |pixel_clk         |   0.000|
red<0>      |        54.303(R)|      SLOW  |         5.556(R)|      FAST  |pixel_clk         |   0.000|
red<1>      |        53.387(R)|      SLOW  |         6.495(R)|      FAST  |pixel_clk         |   0.000|
red<2>      |        53.730(R)|      SLOW  |         5.312(R)|      FAST  |pixel_clk         |   0.000|
------------+-----------------+------------+-----------------+------------+------------------+--------+

Clock to Setup on destination clock fpga_clk
---------------+---------+---------+---------+---------+
               | Src:Rise| Src:Fall| Src:Rise| Src:Fall|
Source Clock   |Dest:Rise|Dest:Rise|Dest:Fall|Dest:Fall|
---------------+---------+---------+---------+---------+
fpga_clk       |   18.289|         |         |         |
---------------+---------+---------+---------+---------+


Analysis completed Thu May 11 11:09:37 2017 
--------------------------------------------------------------------------------

Trace Settings:
-------------------------
Trace Settings 

Peak Memory Usage: 298 MB



