INFO:sim:172 - Generating IP...
Resolving generics for 'StartScreenRom'...
Applying external generics to 'StartScreenRom'...
Delivering associated files for 'StartScreenRom'...
Delivering EJava files for 'StartScreenRom'...
Generating implementation netlist for 'StartScreenRom'...
INFO:sim - Pre-processing HDL files for 'StartScreenRom'...
Running synthesis for 'StartScreenRom'
Running ngcbuild...
Writing VHO instantiation template for 'StartScreenRom'...
Writing VHDL behavioral simulation model for 'StartScreenRom'...
WARNING:sim - Overwriting existing file
   C:/Users/samuel.riedo/Desktop/Space-Invaders/Development
   version/ipcore_dir/tmp/_cg/StartScreenRom/doc/blk_mem_gen_v7_3_vinfo.html
   with file from view xilinx_documentation
Delivered 1 file into directory
C:/Users/samuel.riedo/Desktop/Space-Invaders/Development
version/ipcore_dir/tmp/_cg/StartScreenRom
Generating ASY schematic symbol...
INFO:sim:949 - Finished generation of ASY schematic symbol.
Generating SYM schematic symbol for 'StartScreenRom'...
Generating metadata file...
Generating ISE project file for 'StartScreenRom'...
Generating ISE project...
XCO file found: StartScreenRom.xco
XMDF file found: StartScreenRom_xmdf.tcl
Adding C:/Users/samuel.riedo/Desktop/Space-Invaders/Development
version/ipcore_dir/tmp/_cg/StartScreenRom.asy -view all -origin_type imported
Adding C:/Users/samuel.riedo/Desktop/Space-Invaders/Development
version/ipcore_dir/tmp/_cg/StartScreenRom.ngc -view all -origin_type created
Checking file "C:/Users/samuel.riedo/Desktop/Space-Invaders/Development
version/ipcore_dir/tmp/_cg/StartScreenRom.ngc" for project device match ...
File "C:/Users/samuel.riedo/Desktop/Space-Invaders/Development
version/ipcore_dir/tmp/_cg/StartScreenRom.ngc" device information matches
project device.
Adding C:/Users/samuel.riedo/Desktop/Space-Invaders/Development
version/ipcore_dir/tmp/_cg/StartScreenRom.sym -view all -origin_type imported
Adding C:/Users/samuel.riedo/Desktop/Space-Invaders/Development
version/ipcore_dir/tmp/_cg/StartScreenRom.vhd -view all -origin_type created
INFO:HDLCompiler:1061 - Parsing VHDL file
   "C:/Users/samuel.riedo/Desktop/Space-Invaders/Development
   version/ipcore_dir/tmp/_cg/StartScreenRom.vhd" into library work
INFO:ProjectMgmt - Parsing design hierarchy completed successfully.
Adding C:/Users/samuel.riedo/Desktop/Space-Invaders/Development
version/ipcore_dir/tmp/_cg/StartScreenRom.vho -view all -origin_type imported
INFO:TclTasksC:2116 - The automatic calculation of top has been turned-off.
   Please set the new top explicitly by running the "project set top" command.
   To re-calculate the new top automatically, set the "Auto Implementation Top"
   property to true.
Top level has been set to "/StartScreenRom"
Generating README file...
Generating FLIST file...
INFO:sim:948 - Finished FLIST file generation.
Launching README viewer...
Moving files to output directory...
Finished moving files to output directory
Wrote CGP file for project 'StartScreenRom'.
