--------------------------------------------------------------------------------
Release 14.7 Trace  (nt64)
Copyright (c) 1995-2013 Xilinx, Inc.  All rights reserved.

C:\Xilinx\14.7\ISE_DS\ISE\bin\nt64\unwrapped\trce.exe -intstyle ise -v 3 -s 3
-n 3 -fastpaths -xml TopModule.twx TopModule.ncd -o TopModule.twr TopModule.pcf
-ucf ucf_File.ucf

Design file:              TopModule.ncd
Physical constraint file: TopModule.pcf
Device,package,speed:     xc6slx16,csg324,C,-3 (PRODUCTION 1.23 2013-10-13)
Report level:             verbose report

Environment Variable      Effect 
--------------------      ------ 
NONE                      No environment variables were set
--------------------------------------------------------------------------------

INFO:Timing:2698 - No timing constraints found, doing default enumeration.
INFO:Timing:3412 - To improve timing, see the Timing Closure User Guide (UG612).
INFO:Timing:2752 - To get complete path coverage, use the unconstrained paths 
   option. All paths that are not constrained will be reported in the 
   unconstrained paths section(s) of the report.
INFO:Timing:3339 - The clock-to-out numbers in this timing report are based on 
   a 50 Ohm transmission line loading model.  For the details of this model, 
   and for more information on accounting for different loading conditions, 
   please see the device datasheet.



Data Sheet report:
-----------------
All values displayed in nanoseconds (ns)

Setup/Hold to clock fpga_clk
------------+------------+------------+------------+------------+------------------+--------+
            |Max Setup to|  Process   |Max Hold to |  Process   |                  | Clock  |
Source      | clk (edge) |   Corner   | clk (edge) |   Corner   |Internal Clock(s) | Phase  |
------------+------------+------------+------------+------------+------------------+--------+
rst         |    4.600(R)|      SLOW  |   -1.984(R)|      FAST  |pixel_clk         |   0.000|
------------+------------+------------+------------+------------+------------------+--------+

Clock fpga_clk to Pad
------------+-----------------+------------+-----------------+------------+------------------+--------+
            |Max (slowest) clk|  Process   |Min (fastest) clk|  Process   |                  | Clock  |
Destination |  (edge) to PAD  |   Corner   |  (edge) to PAD  |   Corner   |Internal Clock(s) | Phase  |
------------+-----------------+------------+-----------------+------------+------------------+--------+
HS          |         6.286(R)|      SLOW  |         4.077(R)|      FAST  |pixel_clk         |   0.000|
VS          |         6.610(R)|      SLOW  |         4.273(R)|      FAST  |pixel_clk         |   0.000|
blue<0>     |        10.457(R)|      SLOW  |         4.511(R)|      FAST  |pixel_clk         |   0.000|
blue<1>     |         9.979(R)|      SLOW  |         4.514(R)|      FAST  |pixel_clk         |   0.000|
green<0>    |         9.700(R)|      SLOW  |         4.494(R)|      FAST  |pixel_clk         |   0.000|
green<1>    |         9.906(R)|      SLOW  |         4.487(R)|      FAST  |pixel_clk         |   0.000|
green<2>    |        10.890(R)|      SLOW  |         5.247(R)|      FAST  |pixel_clk         |   0.000|
red<0>      |        10.527(R)|      SLOW  |         5.080(R)|      FAST  |pixel_clk         |   0.000|
red<1>      |        10.783(R)|      SLOW  |         5.230(R)|      FAST  |pixel_clk         |   0.000|
red<2>      |        10.324(R)|      SLOW  |         4.901(R)|      FAST  |pixel_clk         |   0.000|
------------+-----------------+------------+-----------------+------------+------------------+--------+

Clock to Setup on destination clock fpga_clk
---------------+---------+---------+---------+---------+
               | Src:Rise| Src:Fall| Src:Rise| Src:Fall|
Source Clock   |Dest:Rise|Dest:Rise|Dest:Fall|Dest:Fall|
---------------+---------+---------+---------+---------+
fpga_clk       |   10.148|         |         |         |
---------------+---------+---------+---------+---------+


Analysis completed Thu Apr 13 11:02:12 2017 
--------------------------------------------------------------------------------

Trace Settings:
-------------------------
Trace Settings 

Peak Memory Usage: 219 MB



