\BOOKMARK [0][-]{chapter.1}{Introduction}{}% 1
\BOOKMARK [1][-]{section.1.1}{Super\040Mario\040Bros}{chapter.1}% 2
\BOOKMARK [1][-]{section.1.2}{Gameplay}{chapter.1}% 3
\BOOKMARK [0][-]{chapter.2}{Architecture}{}% 4
\BOOKMARK [1][-]{section.2.1}{alienRocket}{chapter.2}% 5
\BOOKMARK [2][-]{subsection.2.1.1}{Entrées & Sorties}{section.2.1}% 6
\BOOKMARK [1][-]{section.2.2}{Digital\040Clock\040Management}{chapter.2}% 7
\BOOKMARK [2][-]{subsection.2.2.1}{Entrées & Sorties}{section.2.2}% 8
\BOOKMARK [1][-]{section.2.3}{Display}{chapter.2}% 9
\BOOKMARK [2][-]{subsection.2.3.1}{Entrées & Sorties}{section.2.3}% 10
\BOOKMARK [1][-]{section.2.4}{Input}{chapter.2}% 11
\BOOKMARK [2][-]{subsection.2.4.1}{Entrées & Sorties}{section.2.4}% 12
\BOOKMARK [1][-]{section.2.5}{rocketManager}{chapter.2}% 13
\BOOKMARK [2][-]{subsection.2.5.1}{Entrées & Sorties}{section.2.5}% 14
\BOOKMARK [1][-]{section.2.6}{VGA\040Internal}{chapter.2}% 15
\BOOKMARK [2][-]{subsection.2.6.1}{Entrées & Sorties}{section.2.6}% 16
\BOOKMARK [1][-]{section.2.7}{Top\040Module}{chapter.2}% 17
\BOOKMARK [2][-]{subsection.2.7.1}{Entrées & Sorties}{section.2.7}% 18
\BOOKMARK [1][-]{section.2.8}{Package}{chapter.2}% 19
\BOOKMARK [0][-]{chapter.3}{Annexes}{}% 20
\BOOKMARK [1][-]{section.3.1}{Convertion\040d'image}{chapter.3}% 21
\BOOKMARK [2][-]{subsection.3.1.1}{Script\040Matlab\040-\040Convertion\040en\040fichier\040COE}{section.3.1}% 22
\BOOKMARK [2][-]{subsection.3.1.2}{Script\040Matlab\040-\040Convertion\040en\040tableau\040VHDL}{section.3.1}% 23
\BOOKMARK [1][-]{section.3.2}{Code\040source}{chapter.3}% 24
\BOOKMARK [2][-]{subsection.3.2.1}{alienRocket}{section.3.2}% 25
\BOOKMARK [2][-]{subsection.3.2.2}{Digital\040Clock\040Management}{section.3.2}% 26
\BOOKMARK [2][-]{subsection.3.2.3}{Display}{section.3.2}% 27
\BOOKMARK [2][-]{subsection.3.2.4}{Input}{section.3.2}% 28
\BOOKMARK [2][-]{subsection.3.2.5}{rocketManager}{section.3.2}% 29
\BOOKMARK [2][-]{subsection.3.2.6}{VGA\040Internal}{section.3.2}% 30
\BOOKMARK [2][-]{subsection.3.2.7}{Top\040Module}{section.3.2}% 31
\BOOKMARK [2][-]{subsection.3.2.8}{Package}{section.3.2}% 32
