--------------------------------------------------------------------------------
Release 14.7 Trace  (nt64)
Copyright (c) 1995-2013 Xilinx, Inc.  All rights reserved.

C:\Xilinx\14.7\ISE_DS\ISE\bin\nt64\unwrapped\trce.exe -intstyle ise -v 3 -s 3
-n 3 -fastpaths -xml vgagenerator.twx vgagenerator.ncd -o vgagenerator.twr
vgagenerator.pcf -ucf map.ucf

Design file:              vgagenerator.ncd
Physical constraint file: vgagenerator.pcf
Device,package,speed:     xc6slx16,csg324,C,-3 (PRODUCTION 1.23 2013-10-13)
Report level:             verbose report

Environment Variable      Effect 
--------------------      ------ 
NONE                      No environment variables were set
--------------------------------------------------------------------------------

INFO:Timing:2698 - No timing constraints found, doing default enumeration.
INFO:Timing:3412 - To improve timing, see the Timing Closure User Guide (UG612).
INFO:Timing:2752 - To get complete path coverage, use the unconstrained paths 
   option. All paths that are not constrained will be reported in the 
   unconstrained paths section(s) of the report.
INFO:Timing:3339 - The clock-to-out numbers in this timing report are based on 
   a 50 Ohm transmission line loading model.  For the details of this model, 
   and for more information on accounting for different loading conditions, 
   please see the device datasheet.



Data Sheet report:
-----------------
All values displayed in nanoseconds (ns)

Setup/Hold to clock fpga_clk
------------+------------+------------+------------+------------+------------------+--------+
            |Max Setup to|  Process   |Max Hold to |  Process   |                  | Clock  |
Source      | clk (edge) |   Corner   | clk (edge) |   Corner   |Internal Clock(s) | Phase  |
------------+------------+------------+------------+------------+------------------+--------+
rst         |    4.312(R)|      SLOW  |   -1.566(R)|      FAST  |pixel_clk         |   0.000|
------------+------------+------------+------------+------------+------------------+--------+

Clock fpga_clk to Pad
------------+-----------------+------------+-----------------+------------+------------------+--------+
            |Max (slowest) clk|  Process   |Min (fastest) clk|  Process   |                  | Clock  |
Destination |  (edge) to PAD  |   Corner   |  (edge) to PAD  |   Corner   |Internal Clock(s) | Phase  |
------------+-----------------+------------+-----------------+------------+------------------+--------+
HS          |         5.989(R)|      SLOW  |         3.908(R)|      FAST  |pixel_clk         |   0.000|
VS          |         6.803(R)|      SLOW  |         4.409(R)|      FAST  |pixel_clk         |   0.000|
blue<0>     |        15.804(R)|      SLOW  |         4.778(R)|      FAST  |pixel_clk         |   0.000|
blue<1>     |        14.438(R)|      SLOW  |         4.716(R)|      FAST  |pixel_clk         |   0.000|
green<0>    |        16.241(R)|      SLOW  |         4.674(R)|      FAST  |pixel_clk         |   0.000|
green<1>    |        15.462(R)|      SLOW  |         4.604(R)|      FAST  |pixel_clk         |   0.000|
green<2>    |        15.077(R)|      SLOW  |         4.706(R)|      FAST  |pixel_clk         |   0.000|
red<0>      |        15.892(R)|      SLOW  |         4.770(R)|      FAST  |pixel_clk         |   0.000|
red<1>      |        15.778(R)|      SLOW  |         4.736(R)|      FAST  |pixel_clk         |   0.000|
red<2>      |        15.396(R)|      SLOW  |         4.699(R)|      FAST  |pixel_clk         |   0.000|
------------+-----------------+------------+-----------------+------------+------------------+--------+

Clock to Setup on destination clock fpga_clk
---------------+---------+---------+---------+---------+
               | Src:Rise| Src:Fall| Src:Rise| Src:Fall|
Source Clock   |Dest:Rise|Dest:Rise|Dest:Fall|Dest:Fall|
---------------+---------+---------+---------+---------+
fpga_clk       |    4.046|         |         |         |
---------------+---------+---------+---------+---------+


Analysis completed Tue Mar 07 18:07:21 2017 
--------------------------------------------------------------------------------

Trace Settings:
-------------------------
Trace Settings 

Peak Memory Usage: 244 MB



